data/build/intermediates/manifest_merge_blame_file/release/processReleaseManifest/manifest-merger-blame-release-report.txt
1<?xml version="1.0" encoding="utf-8"?>
2<manifest xmlns:android="http://schemas.android.com/apk/res/android"
3    package="com.dhanu.kurio.data" >
4
5    <uses-sdk android:minSdkVersion="26" />
6
7    <uses-permission android:name="android.permission.RECORD_AUDIO" />
7-->src/androidMain/AndroidManifest.xml:4:5-71
7-->src/androidMain/AndroidManifest.xml:4:22-68
8
9</manifest>